-------------------------------------------------------------------------------
To activate the conda environment in a batch script or in a terminal run the
following command. For interactive sessions in SCC OnDemand place this command
in the "Pre-Launch Command" field.

To load the PyTorch-based environment run:

    conda activate spring-2026-pyt
    
To load the Tensorflow-based environment run:

    conda activate spring-2026-tf

To load the Jax-based environment run:

    conda activate spring-2026-jax
    
For information on using or cloning this conda environment visit:

https://www.bu.edu/tech/support/research/software-and-programming/common-languages/python/python-ml/academic-machine-learning-environment
-------------------------------------------------------------------------------

CONDA_BASE=/share/pkg.8/miniconda/25.3.1/install

# conda environments:
#
                       /projectnb/cs598/jash/conda
llmcoord               /projectnb/cs598/jash/conda/envs/llmcoord
msi_project            /projectnb/cs598/jash/conda/envs/msi_project
overcooked-local       /projectnb/cs598/jash/conda/envs/overcooked-local
spring-2026-jax        /share/pkg.8/academic-ml/spring-2026/install/spring-2026-jax
spring-2026-pyt        /share/pkg.8/academic-ml/spring-2026/install/spring-2026-pyt
spring-2026-tf         /share/pkg.8/academic-ml/spring-2026/install/spring-2026-tf
base                   /share/pkg.8/miniconda/25.3.1/install

/share/pkg.8/academic-ml/spring-2026/install/spring-2026-pyt/etc/conda/activate.d/set_model_cache.sh: line 30: LD_LIBRARY_PATH: unbound variable
